<?xml version="1.0" encoding="utf-8" standalone="no"?>
<!--This file represents the results of running a test suite-->
<test-results name="\\STORA\FamilyLibrary\Projects\PS\UIAutomation\UIAutomationTest\bin\Debug\UIAutomationTest.dll" total="33" errors="17" failures="0" not-run="0" inconclusive="0" ignored="0" skipped="0" invalid="0" date="2011-12-17" time="09:52:00">
  <environment nunit-version="2.5.10.11092" clr-version="2.0.50727.3615" os-version="Microsoft Windows NT 5.1.2600 Service Pack 3" platform="Win32NT" cwd="C:\Program Files\NUnit 2.5.10\bin\net-2.0" machine-name="KU" user="Administrator" user-domain="KU" />
  <culture-info current-culture="ru-RU" current-uiculture="en-US" />
  <test-suite type="Assembly" name="\\STORA\FamilyLibrary\Projects\PS\UIAutomation\UIAutomationTest\bin\Debug\UIAutomationTest.dll" executed="False" result="Cancelled">
    <results>
      <test-suite type="Namespace" name="UIAutomationTest" executed="False" result="Cancelled">
        <results>
          <test-suite type="Namespace" name="Commands" executed="False" result="Cancelled">
            <results>
              <test-suite type="Namespace" name="Common" executed="True" result="Failure" success="False" time="12.719" asserts="0">
                <results>
                  <test-suite type="TestFixture" name="MoveUIACursorCommandTestFixture" description="Move-UIACursorCommand test" executed="True" result="Failure" success="False" time="8.281" asserts="0">
                    <results>
                      <test-case name="UIAutomationTest.Commands.Common.MoveUIACursorCommandTestFixture.TestParameterInputNull" description="ProcessRecord test Null via parameter" executed="True" result="Success" success="True" time="7.375" asserts="1">
                        <categories>
                          <category name="NoForms" />
                        </categories>
                      </test-case>
                      <test-case name="UIAutomationTest.Commands.Common.MoveUIACursorCommandTestFixture.TestParameterInputOtherType" description="ProcessRecord test Is Not AutomationElement" executed="True" result="Success" success="True" time="0.344" asserts="1">
                        <categories>
                          <category name="NoForms" />
                        </categories>
                      </test-case>
                      <test-case name="UIAutomationTest.Commands.Common.MoveUIACursorCommandTestFixture.TestPipelineInput" description="InputObject ProcessRecord test Null via pipeline" executed="True" result="Error" success="False" time="0.484" asserts="0">
                        <categories>
                          <category name="NoForms" />
                        </categories>
                        <failure>
                          <message><![CDATA[System.NullReferenceException : Object reference not set to an instance of an object.]]></message>
                          <stack-trace><![CDATA[at UIAutomationTest.TestRunspace.RunAndEvaluateIsTrue(String codeSnippet, String strValue) in \\stora\familylibrary\Projects\PS\UIAutomation\UIAutomationTest\TestRunspace.cs:line 235
at UIAutomationTest.Commands.Common.MoveUIACursorCommandTestFixture.TestPipelineInput() in \\stora\familylibrary\Projects\PS\UIAutomation\UIAutomationTest\Commands\Common\MoveUIACursorCommandTestFixture.cs:line 35
]]></stack-trace>
                        </failure>
                      </test-case>
                    </results>
                  </test-suite>
                  <test-suite type="TestFixture" name="OutUIAControlAutomationIdCommandTestFixture" description="Out-UIAControlAutomationIdCommand test" executed="True" result="Failure" success="False" time="1.297" asserts="0">
                    <results>
                      <test-case name="UIAutomationTest.Commands.Common.OutUIAControlAutomationIdCommandTestFixture.TestParameterInputControlWithAutomationId" description="ProcessRecord test Is AutomationElement" executed="True" result="Error" success="False" time="0.344" asserts="0">
                        <categories>
                          <category name="NUnit" />
                        </categories>
                        <failure>
                          <message><![CDATA[System.NullReferenceException : Object reference not set to an instance of an object.]]></message>
                          <stack-trace><![CDATA[at UIAutomationTest.TestRunspace.RunAndEvaluateAreEqual(String codeSnippet, String strValue) in \\stora\familylibrary\Projects\PS\UIAutomation\UIAutomationTest\TestRunspace.cs:line 246
at UIAutomationTest.Commands.Common.OutUIAControlAutomationIdCommandTestFixture.TestParameterInputControlWithAutomationId() in \\stora\familylibrary\Projects\PS\UIAutomation\UIAutomationTest\Commands\Common\OutUIAControlAutomationIdCommandTextFixture.cs:line 60
]]></stack-trace>
                        </failure>
                      </test-case>
                      <test-case name="UIAutomationTest.Commands.Common.OutUIAControlAutomationIdCommandTestFixture.TestParameterInputNull" description="ProcessRecord test Null via parameter" executed="True" result="Success" success="True" time="0.344" asserts="1">
                        <categories>
                          <category name="NoForms" />
                        </categories>
                      </test-case>
                      <test-case name="UIAutomationTest.Commands.Common.OutUIAControlAutomationIdCommandTestFixture.TestParameterInputOtherType" description="ProcessRecord test Is Not AutomationElement" executed="True" result="Success" success="True" time="0.297" asserts="1">
                        <categories>
                          <category name="NoForms" />
                        </categories>
                      </test-case>
                      <test-case name="UIAutomationTest.Commands.Common.OutUIAControlAutomationIdCommandTestFixture.TestPipelineInput" description="InputObject ProcessRecord test Null via pipeline" executed="True" result="Error" success="False" time="0.297" asserts="0">
                        <categories>
                          <category name="NoForms" />
                        </categories>
                        <failure>
                          <message><![CDATA[System.NullReferenceException : Object reference not set to an instance of an object.]]></message>
                          <stack-trace><![CDATA[at UIAutomationTest.TestRunspace.RunAndEvaluateIsTrue(String codeSnippet, String strValue) in \\stora\familylibrary\Projects\PS\UIAutomation\UIAutomationTest\TestRunspace.cs:line 235
at UIAutomationTest.Commands.Common.OutUIAControlAutomationIdCommandTestFixture.TestPipelineInput() in \\stora\familylibrary\Projects\PS\UIAutomation\UIAutomationTest\Commands\Common\OutUIAControlAutomationIdCommandTextFixture.cs:line 35
]]></stack-trace>
                        </failure>
                      </test-case>
                    </results>
                  </test-suite>
                  <test-suite type="TestFixture" name="OutUIAControlClassCommandTestFixture" description="Out-UIAControlClassCommand test" executed="True" result="Failure" success="False" time="0.906" asserts="0">
                    <results>
                      <test-case name="UIAutomationTest.Commands.Common.OutUIAControlClassCommandTestFixture.TestParameterInputNull" description="ProcessRecord test Null via parameter" executed="True" result="Success" success="True" time="0.297" asserts="1">
                        <categories>
                          <category name="NoForms" />
                        </categories>
                      </test-case>
                      <test-case name="UIAutomationTest.Commands.Common.OutUIAControlClassCommandTestFixture.TestParameterInputOtherType" description="ProcessRecord test Is Not AutomationElement" executed="True" result="Success" success="True" time="0.313" asserts="1">
                        <categories>
                          <category name="NoForms" />
                        </categories>
                      </test-case>
                      <test-case name="UIAutomationTest.Commands.Common.OutUIAControlClassCommandTestFixture.TestPipelineInput" description="InputObject ProcessRecord test Null via pipeline" executed="True" result="Error" success="False" time="0.281" asserts="0">
                        <categories>
                          <category name="NoForms" />
                        </categories>
                        <failure>
                          <message><![CDATA[System.NullReferenceException : Object reference not set to an instance of an object.]]></message>
                          <stack-trace><![CDATA[at UIAutomationTest.TestRunspace.RunAndEvaluateIsTrue(String codeSnippet, String strValue) in \\stora\familylibrary\Projects\PS\UIAutomation\UIAutomationTest\TestRunspace.cs:line 235
at UIAutomationTest.Commands.Common.OutUIAControlClassCommandTestFixture.TestPipelineInput() in \\stora\familylibrary\Projects\PS\UIAutomation\UIAutomationTest\Commands\Common\OutUIAControlClassCommandTestFixture.cs:line 35
]]></stack-trace>
                        </failure>
                      </test-case>
                    </results>
                  </test-suite>
                  <test-suite type="TestFixture" name="OutUIAControlTitleCommandTestFixture" description="Out-UIAControlTitleCommand test" executed="True" result="Failure" success="False" time="1.234" asserts="0">
                    <results>
                      <test-case name="UIAutomationTest.Commands.Common.OutUIAControlTitleCommandTestFixture.TestParameterInputFormWithTitle" description="ProcessRecord test Is AutomationElement" executed="True" result="Error" success="False" time="0.313" asserts="0">
                        <categories>
                          <category name="NUnit" />
                        </categories>
                        <failure>
                          <message><![CDATA[System.NullReferenceException : Object reference not set to an instance of an object.]]></message>
                          <stack-trace><![CDATA[at UIAutomationTest.TestRunspace.RunAndEvaluateAreEqual(String codeSnippet, String strValue) in \\stora\familylibrary\Projects\PS\UIAutomation\UIAutomationTest\TestRunspace.cs:line 246
at UIAutomationTest.Commands.Common.OutUIAControlTitleCommandTestFixture.TestParameterInputFormWithTitle() in \\stora\familylibrary\Projects\PS\UIAutomation\UIAutomationTest\Commands\Common\OutUIAControlTitleCommandTestFixture.cs:line 60
]]></stack-trace>
                        </failure>
                      </test-case>
                      <test-case name="UIAutomationTest.Commands.Common.OutUIAControlTitleCommandTestFixture.TestParameterInputNull" description="ProcessRecord test Null via parameter" executed="True" result="Success" success="True" time="0.313" asserts="1">
                        <categories>
                          <category name="NoForms" />
                        </categories>
                      </test-case>
                      <test-case name="UIAutomationTest.Commands.Common.OutUIAControlTitleCommandTestFixture.TestParameterInputOtherType" description="ProcessRecord test Is Not AutomationElement" executed="True" result="Success" success="True" time="0.297" asserts="1">
                        <categories>
                          <category name="NoForms" />
                        </categories>
                      </test-case>
                      <test-case name="UIAutomationTest.Commands.Common.OutUIAControlTitleCommandTestFixture.TestPipelineInput" description="InputObject ProcessRecord test Null via pipeline" executed="True" result="Error" success="False" time="0.297" asserts="0">
                        <categories>
                          <category name="NoForms" />
                        </categories>
                        <failure>
                          <message><![CDATA[System.NullReferenceException : Object reference not set to an instance of an object.]]></message>
                          <stack-trace><![CDATA[at UIAutomationTest.TestRunspace.RunAndEvaluateAreEqual(String codeSnippet, String strValue) in \\stora\familylibrary\Projects\PS\UIAutomation\UIAutomationTest\TestRunspace.cs:line 246
at UIAutomationTest.Commands.Common.OutUIAControlTitleCommandTestFixture.TestPipelineInput() in \\stora\familylibrary\Projects\PS\UIAutomation\UIAutomationTest\Commands\Common\OutUIAControlTitleCommandTestFixture.cs:line 35
]]></stack-trace>
                        </failure>
                      </test-case>
                    </results>
                  </test-suite>
                  <test-suite type="TestFixture" name="SetUIAFocusCommandTestFixture" description="Set-UIAFocusCommand test" executed="True" result="Failure" success="False" time="0.891" asserts="0">
                    <results>
                      <test-case name="UIAutomationTest.Commands.Common.SetUIAFocusCommandTestFixture.TestParameterInputNull" description="ProcessRecord test Null via parameter" executed="True" result="Success" success="True" time="0.281" asserts="1">
                        <categories>
                          <category name="NoForms" />
                        </categories>
                      </test-case>
                      <test-case name="UIAutomationTest.Commands.Common.SetUIAFocusCommandTestFixture.TestParameterInputOtherType" description="ProcessRecord test Is Not AutomationElement" executed="True" result="Success" success="True" time="0.297" asserts="1">
                        <categories>
                          <category name="NoForms" />
                        </categories>
                      </test-case>
                      <test-case name="UIAutomationTest.Commands.Common.SetUIAFocusCommandTestFixture.TestPipelineInput" description="InputObject ProcessRecord test Null via pipeline" executed="True" result="Error" success="False" time="0.313" asserts="0">
                        <categories>
                          <category name="NoForms" />
                        </categories>
                        <failure>
                          <message><![CDATA[System.NullReferenceException : Object reference not set to an instance of an object.]]></message>
                          <stack-trace><![CDATA[at UIAutomationTest.TestRunspace.RunAndEvaluateIsTrue(String codeSnippet, String strValue) in \\stora\familylibrary\Projects\PS\UIAutomation\UIAutomationTest\TestRunspace.cs:line 235
at UIAutomationTest.Commands.Common.SetUIAFocusCommandTestFixture.TestPipelineInput() in \\stora\familylibrary\Projects\PS\UIAutomation\UIAutomationTest\Commands\Common\SetUIAFocusCommandTextFixture.cs:line 35
]]></stack-trace>
                        </failure>
                      </test-case>
                    </results>
                  </test-suite>
                </results>
              </test-suite>
              <test-suite type="Namespace" name="Convert" executed="True" result="Failure" success="False" time="3.000" asserts="0">
                <results>
                  <test-suite type="TestFixture" name="ConvertFromUIADataGridCommandTestFixture" description="ConvertFrom-UIADataGridCommand test" executed="True" result="Failure" success="False" time="1.047" asserts="0">
                    <results>
                      <test-case name="UIAutomationTest.Commands.Convert.ConvertFromUIADataGridCommandTestFixture.TestParameterInputNull" description="ProcessRecord test Null via parameter" executed="True" result="Success" success="True" time="0.344" asserts="1">
                        <categories>
                          <category name="NoForms" />
                        </categories>
                      </test-case>
                      <test-case name="UIAutomationTest.Commands.Convert.ConvertFromUIADataGridCommandTestFixture.TestParameterInputOtherType" description="ProcessRecord test Is Not AutomationElement" executed="True" result="Success" success="True" time="0.313" asserts="1">
                        <categories>
                          <category name="NoForms" />
                        </categories>
                      </test-case>
                      <test-case name="UIAutomationTest.Commands.Convert.ConvertFromUIADataGridCommandTestFixture.TestPipelineInput" description="InputObject ProcessRecord test Null via pipeline" executed="True" result="Error" success="False" time="0.391" asserts="0">
                        <categories>
                          <category name="NoForms" />
                        </categories>
                        <failure>
                          <message><![CDATA[System.NullReferenceException : Object reference not set to an instance of an object.]]></message>
                          <stack-trace><![CDATA[at UIAutomationTest.Commands.Convert.ConvertFromUIADataGridCommandTestFixture.TestPipelineInput() in \\stora\familylibrary\Projects\PS\UIAutomation\UIAutomationTest\Commands\Convert\ConvertFromUIADataGridCommandTestFixture.cs:line 42
]]></stack-trace>
                        </failure>
                      </test-case>
                    </results>
                  </test-suite>
                  <test-suite type="TestFixture" name="ConvertFromUIAListCommandTestFixture" description="ConvertFrom-UIAListCommand test" executed="True" result="Failure" success="False" time="0.984" asserts="0">
                    <results>
                      <test-case name="UIAutomationTest.Commands.Convert.ConvertFromUIAListCommandTestFixture.TestParameterInputNull" description="ProcessRecord test Null via parameter" executed="True" result="Success" success="True" time="0.297" asserts="1">
                        <categories>
                          <category name="NoForms" />
                        </categories>
                      </test-case>
                      <test-case name="UIAutomationTest.Commands.Convert.ConvertFromUIAListCommandTestFixture.TestParameterInputOtherType" description="ProcessRecord test Is Not AutomationElement" executed="True" result="Success" success="True" time="0.281" asserts="1">
                        <categories>
                          <category name="NoForms" />
                        </categories>
                      </test-case>
                      <test-case name="UIAutomationTest.Commands.Convert.ConvertFromUIAListCommandTestFixture.TestPipelineInput" description="InputObject ProcessRecord test Null via pipeline" executed="True" result="Error" success="False" time="0.375" asserts="0">
                        <categories>
                          <category name="NoForms" />
                        </categories>
                        <failure>
                          <message><![CDATA[System.NullReferenceException : Object reference not set to an instance of an object.]]></message>
                          <stack-trace><![CDATA[at UIAutomationTest.Commands.Convert.ConvertFromUIAListCommandTestFixture.TestPipelineInput() in \\stora\familylibrary\Projects\PS\UIAutomation\UIAutomationTest\Commands\Convert\ConvertFromUIAListCommandTestFixture.cs:line 39
]]></stack-trace>
                        </failure>
                      </test-case>
                    </results>
                  </test-suite>
                  <test-suite type="TestFixture" name="ConvertFromUIATableCommandTestFixture" description="ConvertFrom-UIATableCommand test" executed="True" result="Failure" success="False" time="0.969" asserts="0">
                    <results>
                      <test-case name="UIAutomationTest.Commands.Convert.ConvertFromUIATableCommandTestFixture.TestParameterInputNull" description="ProcessRecord test Null via parameter" executed="True" result="Success" success="True" time="0.313" asserts="1">
                        <categories>
                          <category name="NoForms" />
                        </categories>
                      </test-case>
                      <test-case name="UIAutomationTest.Commands.Convert.ConvertFromUIATableCommandTestFixture.TestParameterInputOtherType" description="ProcessRecord test Is Not AutomationElement" executed="True" result="Success" success="True" time="0.281" asserts="1">
                        <categories>
                          <category name="NoForms" />
                        </categories>
                      </test-case>
                      <test-case name="UIAutomationTest.Commands.Convert.ConvertFromUIATableCommandTestFixture.TestPipelineInput" description="InputObject ProcessRecord test Null via pipeline" executed="True" result="Error" success="False" time="0.359" asserts="0">
                        <categories>
                          <category name="NoForms" />
                        </categories>
                        <failure>
                          <message><![CDATA[System.NullReferenceException : Object reference not set to an instance of an object.]]></message>
                          <stack-trace><![CDATA[at UIAutomationTest.Commands.Convert.ConvertFromUIATableCommandTestFixture.TestPipelineInput() in \\stora\familylibrary\Projects\PS\UIAutomation\UIAutomationTest\Commands\Convert\ConvertFromUIATableCommandTestFixture.cs:line 39
]]></stack-trace>
                        </failure>
                      </test-case>
                    </results>
                  </test-suite>
                </results>
              </test-suite>
              <test-suite type="Namespace" name="Discovery" executed="True" result="Inconclusive" success="False" time="0.016" asserts="0">
                <results>
                  <test-suite type="TestFixture" name="GetUIAControlFromPointCommandTestFixture" description="Get-UIAControlFromPointCommand test" executed="True" result="Inconclusive" success="False" time="0.016" asserts="0" />
                  <test-suite type="TestFixture" name="GetUIACurrentPatternCommandTestFixture" description="Get-UIACurrentPatternCommand test" executed="True" result="Inconclusive" success="False" time="0.000" asserts="0" />
                  <test-suite type="TestFixture" name="GetUIACurrentPatternFromPointCommandTestFixture" description="Get-UIACurrentPatternFromPointCommand test" executed="True" result="Inconclusive" success="False" time="0.000" asserts="0" />
                </results>
              </test-suite>
              <test-suite type="Namespace" name="Pattern" executed="True" result="Inconclusive" success="False" time="0.063" asserts="0">
                <results>
                  <test-suite type="TestFixture" name="GetUIAGridCellCommandTestFixture" description="Get-UIAGridCellCommand test" executed="True" result="Inconclusive" success="False" time="0.000" asserts="0" />
                  <test-suite type="TestFixture" name="GetUIAGridRowCommandTestFixture" description="Get-UIAGridRowCommand test" executed="True" result="Inconclusive" success="False" time="0.000" asserts="0" />
                  <test-suite type="TestFixture" name="InvokeUIACollapsePatternCommandTestFixture" description="Invoke-UIACollapsePatternCommand test" executed="True" result="Inconclusive" success="False" time="0.000" asserts="0" />
                  <test-suite type="TestFixture" name="InvokeUIAExpandPatternCommandTestFixture" description="Invoke-UIAExpandPatternCommand test" executed="True" result="Inconclusive" success="False" time="0.000" asserts="0" />
                  <test-suite type="TestFixture" name="InvokeUIAInvokePatternCommandTestFixture" description="Invoke-UIAInvokePatternCommand test" executed="True" result="Inconclusive" success="False" time="0.000" asserts="0" />
                  <test-suite type="TestFixture" name="InvokeUIASelectionItemPatternCommandTestFixture" description="Invoke-UIASelectionItemPatternCommand test" executed="True" result="Inconclusive" success="False" time="0.000" asserts="0" />
                  <test-suite type="TestFixture" name="InvokeUIATogglePatternCommandTestFixture" description="Invoke-UIATogglePatternCommand test" executed="True" result="Inconclusive" success="False" time="0.000" asserts="0" />
                  <test-suite type="TestFixture" name="InvokeUIATransformPatternMoveCommandTestFixture" description="Invoke-UIATransformPatternMoveCommand test" executed="True" result="Inconclusive" success="False" time="0.000" asserts="0" />
                  <test-suite type="TestFixture" name="InvokeUIATransformPatternResizeCommandTestFixture" description="Invoke-UIATransformPatternResizeCommand test" executed="True" result="Inconclusive" success="False" time="0.000" asserts="0" />
                  <test-suite type="TestFixture" name="InvokeUIATransformPatternRotateCommandTestFixture" description="Invoke-UIATransformPatternRotateCommand test" executed="True" result="Inconclusive" success="False" time="0.000" asserts="0" />
                  <test-suite type="TestFixture" name="InvokeUIAValuePatternInvokeCommandTestFixture" description="Invoke-UIAValuePatternInvokeCommand test" executed="True" result="Inconclusive" success="False" time="0.000" asserts="0" />
                  <test-suite type="TestFixture" name="InvokeUIAValuePatternSetCommandTestFixture" description="Invoke-UIAValuePatternSetCommand test" executed="True" result="Inconclusive" success="False" time="0.000" asserts="0" />
                  <test-suite type="TestFixture" name="InvokeUIAWindowPatternCommandTestFixture" description="Invoke-UIAWindowPatternCommand test" executed="True" result="Inconclusive" success="False" time="0.000" asserts="0" />
                </results>
              </test-suite>
              <test-suite type="Namespace" name="Select" executed="False" result="Cancelled">
                <results>
                  <test-suite type="TestFixture" name="SelectUIAControlCommandTestFixture" description="Select-UIAControlCommand test" executed="True" result="Failure" success="False" time="7.938" asserts="0">
                    <results>
                      <test-case name="UIAutomationTest.Commands.Select.SelectUIAControlCommandTestFixture.SelectControlByAutomationIDTimeoutDefault" executed="True" result="Error" success="False" time="5.500" asserts="0">
                        <categories>
                          <category name="WinForms" />
                          <category name="Control" />
                        </categories>
                        <failure>
                          <message><![CDATA[System.NullReferenceException : Object reference not set to an instance of an object.]]></message>
                          <stack-trace><![CDATA[at UIAutomationTest.TestRunspace.RunAndEvaluateAreEqual(String codeSnippet, String strValue) in \\stora\familylibrary\Projects\PS\UIAutomation\UIAutomationTest\TestRunspace.cs:line 246
at UIAutomationTest.Commands.Select.SelectUIAControlCommandTestFixture.SelectControlByAutomationIDTimeoutDefault() in \\stora\familylibrary\Projects\PS\UIAutomation\UIAutomationTest\Commands\Select\SelectUIAControlCommandTestFixture.cs:line 41
]]></stack-trace>
                        </failure>
                      </test-case>
                      <test-case name="UIAutomationTest.Commands.Select.SelectUIAControlCommandTestFixture.SelectControlByControlTypeTimeoutDefault" executed="True" result="Error" success="False" time="1.359" asserts="0">
                        <categories>
                          <category name="WinForms" />
                          <category name="Control" />
                        </categories>
                        <failure>
                          <message><![CDATA[System.NullReferenceException : Object reference not set to an instance of an object.]]></message>
                          <stack-trace><![CDATA[at UIAutomationTest.TestRunspace.RunAndEvaluateAreEqual(String codeSnippet, String strValue) in \\stora\familylibrary\Projects\PS\UIAutomation\UIAutomationTest\TestRunspace.cs:line 246
at UIAutomationTest.Commands.Select.SelectUIAControlCommandTestFixture.SelectControlByControlTypeTimeoutDefault() in \\stora\familylibrary\Projects\PS\UIAutomation\UIAutomationTest\Commands\Select\SelectUIAControlCommandTestFixture.cs:line 77
]]></stack-trace>
                        </failure>
                      </test-case>
                      <test-case name="UIAutomationTest.Commands.Select.SelectUIAControlCommandTestFixture.SelectControlByTitleTimeoutDefault" executed="True" result="Error" success="False" time="1.063" asserts="0">
                        <categories>
                          <category name="WinForms" />
                          <category name="Control" />
                        </categories>
                        <failure>
                          <message><![CDATA[System.NullReferenceException : Object reference not set to an instance of an object.]]></message>
                          <stack-trace><![CDATA[at UIAutomationTest.TestRunspace.RunAndEvaluateAreEqual(String codeSnippet, String strValue) in \\stora\familylibrary\Projects\PS\UIAutomation\UIAutomationTest\TestRunspace.cs:line 246
at UIAutomationTest.Commands.Select.SelectUIAControlCommandTestFixture.SelectControlByTitleTimeoutDefault() in \\stora\familylibrary\Projects\PS\UIAutomation\UIAutomationTest\Commands\Select\SelectUIAControlCommandTestFixture.cs:line 59
]]></stack-trace>
                        </failure>
                      </test-case>
                    </results>
                  </test-suite>
                  <test-suite type="TestFixture" name="SelectUIAControlsCommandTestFixture" description="Select-UIAControlsCommand test" executed="True" result="Inconclusive" success="False" time="0.000" asserts="0" />
                  <test-suite type="TestFixture" name="SelectUIAWindowCommandTestFixture" description="Select-UIAWindowCommand test" executed="False" result="Cancelled">
                    <results>
                      <test-case name="UIAutomationTest.Commands.Select.SelectUIAWindowCommandTestFixture.SelectWindowByProcessNameDelay1000" executed="True" result="Error" success="False" time="1.031" asserts="0">
                        <categories>
                          <category name="WinForms" />
                        </categories>
                        <failure>
                          <message><![CDATA[System.NullReferenceException : Object reference not set to an instance of an object.]]></message>
                          <stack-trace><![CDATA[at UIAutomationTest.TestRunspace.RunAndEvaluateAreEqual(String codeSnippet, String strValue) in \\stora\familylibrary\Projects\PS\UIAutomation\UIAutomationTest\TestRunspace.cs:line 246
at UIAutomationTest.TestRunspace.RunAndEvaluateAreEqual1(String codeSnippet) in \\stora\familylibrary\Projects\PS\UIAutomation\UIAutomationTest\TestRunspace.cs:line 214
at UIAutomationTest.Commands.Select.SelectUIAWindowCommandTestFixture.SelectWindowByProcessNameDelay1000() in \\stora\familylibrary\Projects\PS\UIAutomation\UIAutomationTest\Commands\Select\SelectUIAWindowCommandTestFixture.cs:line 70
]]></stack-trace>
                        </failure>
                      </test-case>
                      <test-case name="UIAutomationTest.Commands.Select.SelectUIAWindowCommandTestFixture.SelectWindowByProcessNameDelay10000" executed="True" result="Error" success="False" time="4.391" asserts="0">
                        <categories>
                          <category name="WinForms" />
                        </categories>
                        <failure>
                          <message><![CDATA[System.NullReferenceException : Object reference not set to an instance of an object.]]></message>
                          <stack-trace><![CDATA[at UIAutomationTest.TestRunspace.RunAndEvaluateAreEqual(String codeSnippet, String strValue) in \\stora\familylibrary\Projects\PS\UIAutomation\UIAutomationTest\TestRunspace.cs:line 246
at UIAutomationTest.TestRunspace.RunAndEvaluateAreEqual1(String codeSnippet) in \\stora\familylibrary\Projects\PS\UIAutomation\UIAutomationTest\TestRunspace.cs:line 214
at UIAutomationTest.Commands.Select.SelectUIAWindowCommandTestFixture.SelectWindowByProcessNameDelay10000() in \\stora\familylibrary\Projects\PS\UIAutomation\UIAutomationTest\Commands\Select\SelectUIAWindowCommandTestFixture.cs:line 132
]]></stack-trace>
                        </failure>
                      </test-case>
                      <test-case name="UIAutomationTest.Commands.Select.SelectUIAWindowCommandTestFixture.SelectWindowByProcessNameDelay120000" executed="True" result="Error" success="False" time="2.719" asserts="0">
                        <categories>
                          <category name="WinForms" />
                        </categories>
                        <failure>
                          <message><![CDATA[System.NullReferenceException : Object reference not set to an instance of an object.]]></message>
                          <stack-trace><![CDATA[at UIAutomationTest.TestRunspace.RunAndEvaluateAreEqual(String codeSnippet, String strValue) in \\stora\familylibrary\Projects\PS\UIAutomation\UIAutomationTest\TestRunspace.cs:line 246
at UIAutomationTest.TestRunspace.RunAndEvaluateAreEqual1(String codeSnippet) in \\stora\familylibrary\Projects\PS\UIAutomation\UIAutomationTest\TestRunspace.cs:line 214
at UIAutomationTest.Commands.Select.SelectUIAWindowCommandTestFixture.SelectWindowByProcessNameDelay120000() in \\stora\familylibrary\Projects\PS\UIAutomation\UIAutomationTest\Commands\Select\SelectUIAWindowCommandTestFixture.cs:line 172
]]></stack-trace>
                        </failure>
                      </test-case>
                      <test-case name="UIAutomationTest.Commands.Select.SelectUIAWindowCommandTestFixture.SelectWindowByProcessNameDelay2000" executed="False" result="Cancelled">
                        <categories>
                          <category name="WinForms" />
                        </categories>
                        <failure>
                          <message><![CDATA[Test cancelled by user]]></message>
                          <stack-trace><![CDATA[at System.RuntimeMethodHandle._InvokeMethodFast(Object target, Object[] arguments, SignatureStruct& sig, MethodAttributes methodAttributes, RuntimeTypeHandle typeOwner)
at System.RuntimeMethodHandle.InvokeMethodFast(Object target, Object[] arguments, Signature sig, MethodAttributes methodAttributes, RuntimeTypeHandle typeOwner)
at System.Reflection.RuntimeMethodInfo.Invoke(Object obj, BindingFlags invokeAttr, Binder binder, Object[] parameters, CultureInfo culture, Boolean skipVisibilityChecks)
at System.Reflection.RuntimeMethodInfo.Invoke(Object obj, BindingFlags invokeAttr, Binder binder, Object[] parameters, CultureInfo culture)
at NUnit.Core.Reflect.InvokeMethod(MethodInfo method, Object fixture, Object[] args)
at NUnit.Core.TestMethod.RunTestMethod(TestResult testResult)
at NUnit.Core.TestMethod.RunTestCase(TestResult testResult)
]]></stack-trace>
                        </failure>
                      </test-case>
                    </results>
                  </test-suite>
                </results>
              </test-suite>
            </results>
          </test-suite>
        </results>
      </test-suite>
    </results>
  </test-suite>
</test-results>