<?xml version="1.0" encoding="utf-8" standalone="no"?>
<!--This file represents the results of running a test suite-->
<test-results name="\\STORA\FamilyLibrary\Projects\PS\UIAutomation\UIAutomationTest\bin\Release\UIAutomationTest.dll" total="28" errors="4" failures="0" not-run="0" inconclusive="0" ignored="0" skipped="0" invalid="0" date="2012-02-02" time="02:06:08">
  <environment nunit-version="2.5.10.11092" clr-version="2.0.50727.3615" os-version="Microsoft Windows NT 5.1.2600 Service Pack 3" platform="Win32NT" cwd="\\STORA\FamilyLibrary\Projects\PS\UIAutomation\UIAutomationTest\bin\Release" machine-name="KU" user="Administrator" user-domain="KU" />
  <culture-info current-culture="ru-RU" current-uiculture="en-US" />
  <test-suite type="Assembly" name="\\STORA\FamilyLibrary\Projects\PS\UIAutomation\UIAutomationTest\bin\Release\UIAutomationTest.dll" executed="False" result="Cancelled">
    <results>
      <test-suite type="Namespace" name="UIAutomationTest" executed="False" result="Cancelled">
        <results>
          <test-suite type="Namespace" name="Commands" executed="False" result="Cancelled">
            <results>
              <test-suite type="Namespace" name="Common" executed="True" result="Failure" success="False" time="11.578" asserts="0">
                <results>
                  <test-suite type="TestFixture" name="MoveUIACursorCommandTestFixture" description="Move-UIACursorCommand test" executed="True" result="Failure" success="False" time="4.375" asserts="0">
                    <results>
                      <test-case name="UIAutomationTest.Commands.Common.MoveUIACursorCommandTestFixture.TestParameterInputNull" description="ProcessRecord test Null via parameter" executed="True" result="Success" success="True" time="3.734" asserts="1">
                        <categories>
                          <category name="NoForms" />
                        </categories>
                      </test-case>
                      <test-case name="UIAutomationTest.Commands.Common.MoveUIACursorCommandTestFixture.TestParameterInputOtherType" description="ProcessRecord test Is Not AutomationElement" executed="True" result="Success" success="True" time="0.313" asserts="1">
                        <categories>
                          <category name="NoForms" />
                        </categories>
                      </test-case>
                      <test-case name="UIAutomationTest.Commands.Common.MoveUIACursorCommandTestFixture.TestPipelineInput" description="InputObject ProcessRecord test Null via pipeline" executed="True" result="Error" success="False" time="0.281" asserts="0">
                        <categories>
                          <category name="NoForms" />
                        </categories>
                        <failure>
                          <message><![CDATA[System.NullReferenceException : Object reference not set to an instance of an object.]]></message>
                          <stack-trace><![CDATA[at UIAutomationTest.TestRunspace.RunAndEvaluateIsTrue(String codeSnippet, String strValue)
at UIAutomationTest.Commands.Common.MoveUIACursorCommandTestFixture.TestPipelineInput()
]]></stack-trace>
                        </failure>
                      </test-case>
                    </results>
                  </test-suite>
                  <test-suite type="TestFixture" name="OutUIAControlAutomationIdCommandTestFixture" description="Out-UIAControlAutomationIdCommand test" executed="True" result="Success" success="True" time="3.641" asserts="0">
                    <results>
                      <test-case name="UIAutomationTest.Commands.Common.OutUIAControlAutomationIdCommandTestFixture.TestParameterInputControlWithAutomationId" description="ProcessRecord test Is AutomationElement" executed="True" result="Success" success="True" time="2.844" asserts="1">
                        <categories>
                          <category name="NUnit" />
                        </categories>
                      </test-case>
                      <test-case name="UIAutomationTest.Commands.Common.OutUIAControlAutomationIdCommandTestFixture.TestParameterInputNull" description="ProcessRecord test Null via parameter" executed="True" result="Success" success="True" time="0.266" asserts="1">
                        <categories>
                          <category name="NoForms" />
                        </categories>
                      </test-case>
                      <test-case name="UIAutomationTest.Commands.Common.OutUIAControlAutomationIdCommandTestFixture.TestParameterInputOtherType" description="ProcessRecord test Is Not AutomationElement" executed="True" result="Success" success="True" time="0.234" asserts="1">
                        <categories>
                          <category name="NoForms" />
                        </categories>
                      </test-case>
                      <test-case name="UIAutomationTest.Commands.Common.OutUIAControlAutomationIdCommandTestFixture.TestPipelineInput" description="InputObject ProcessRecord test Null via pipeline" executed="True" result="Success" success="True" time="0.266" asserts="1">
                        <categories>
                          <category name="NoForms" />
                        </categories>
                      </test-case>
                    </results>
                  </test-suite>
                  <test-suite type="TestFixture" name="OutUIAControlClassCommandTestFixture" description="Out-UIAControlClassCommand test" executed="True" result="Success" success="True" time="0.781" asserts="0">
                    <results>
                      <test-case name="UIAutomationTest.Commands.Common.OutUIAControlClassCommandTestFixture.TestParameterInputNull" description="ProcessRecord test Null via parameter" executed="True" result="Success" success="True" time="0.266" asserts="1">
                        <categories>
                          <category name="NoForms" />
                        </categories>
                      </test-case>
                      <test-case name="UIAutomationTest.Commands.Common.OutUIAControlClassCommandTestFixture.TestParameterInputOtherType" description="ProcessRecord test Is Not AutomationElement" executed="True" result="Success" success="True" time="0.234" asserts="1">
                        <categories>
                          <category name="NoForms" />
                        </categories>
                      </test-case>
                      <test-case name="UIAutomationTest.Commands.Common.OutUIAControlClassCommandTestFixture.TestPipelineInput" description="InputObject ProcessRecord test Null via pipeline" executed="True" result="Success" success="True" time="0.281" asserts="1">
                        <categories>
                          <category name="NoForms" />
                        </categories>
                      </test-case>
                    </results>
                  </test-suite>
                  <test-suite type="TestFixture" name="OutUIAControlTitleCommandTestFixture" description="Out-UIAControlTitleCommand test" executed="True" result="Success" success="True" time="2.016" asserts="0">
                    <results>
                      <test-case name="UIAutomationTest.Commands.Common.OutUIAControlTitleCommandTestFixture.TestParameterInputFormWithTitle" description="ProcessRecord test Is AutomationElement" executed="True" result="Success" success="True" time="1.250" asserts="1">
                        <categories>
                          <category name="NUnit" />
                        </categories>
                      </test-case>
                      <test-case name="UIAutomationTest.Commands.Common.OutUIAControlTitleCommandTestFixture.TestParameterInputNull" description="ProcessRecord test Null via parameter" executed="True" result="Success" success="True" time="0.250" asserts="1">
                        <categories>
                          <category name="NoForms" />
                        </categories>
                      </test-case>
                      <test-case name="UIAutomationTest.Commands.Common.OutUIAControlTitleCommandTestFixture.TestParameterInputOtherType" description="ProcessRecord test Is Not AutomationElement" executed="True" result="Success" success="True" time="0.250" asserts="1">
                        <categories>
                          <category name="NoForms" />
                        </categories>
                      </test-case>
                      <test-case name="UIAutomationTest.Commands.Common.OutUIAControlTitleCommandTestFixture.TestPipelineInput" description="InputObject ProcessRecord test Null via pipeline" executed="True" result="Success" success="True" time="0.266" asserts="1">
                        <categories>
                          <category name="NoForms" />
                        </categories>
                      </test-case>
                    </results>
                  </test-suite>
                  <test-suite type="TestFixture" name="SetUIAFocusCommandTestFixture" description="Set-UIAFocusCommand test" executed="True" result="Success" success="True" time="0.703" asserts="0">
                    <results>
                      <test-case name="UIAutomationTest.Commands.Common.SetUIAFocusCommandTestFixture.TestParameterInputNull" description="ProcessRecord test Null via parameter" executed="True" result="Success" success="True" time="0.234" asserts="1">
                        <categories>
                          <category name="NoForms" />
                        </categories>
                      </test-case>
                      <test-case name="UIAutomationTest.Commands.Common.SetUIAFocusCommandTestFixture.TestParameterInputOtherType" description="ProcessRecord test Is Not AutomationElement" executed="True" result="Success" success="True" time="0.250" asserts="1">
                        <categories>
                          <category name="NoForms" />
                        </categories>
                      </test-case>
                      <test-case name="UIAutomationTest.Commands.Common.SetUIAFocusCommandTestFixture.TestPipelineInput" description="InputObject ProcessRecord test Null via pipeline" executed="True" result="Success" success="True" time="0.219" asserts="1">
                        <categories>
                          <category name="NoForms" />
                        </categories>
                      </test-case>
                    </results>
                  </test-suite>
                </results>
              </test-suite>
              <test-suite type="Namespace" name="Convert" executed="True" result="Failure" success="False" time="2.359" asserts="0">
                <results>
                  <test-suite type="TestFixture" name="ConvertFromUIADataGridCommandTestFixture" description="ConvertFrom-UIADataGridCommand test" executed="True" result="Success" success="True" time="0.734" asserts="0">
                    <results>
                      <test-case name="UIAutomationTest.Commands.Convert.ConvertFromUIADataGridCommandTestFixture.TestParameterInputNull" description="ProcessRecord test Null via parameter" executed="True" result="Success" success="True" time="0.250" asserts="1">
                        <categories>
                          <category name="NoForms" />
                        </categories>
                      </test-case>
                      <test-case name="UIAutomationTest.Commands.Convert.ConvertFromUIADataGridCommandTestFixture.TestParameterInputOtherType" description="ProcessRecord test Is Not AutomationElement" executed="True" result="Success" success="True" time="0.234" asserts="1">
                        <categories>
                          <category name="NoForms" />
                        </categories>
                      </test-case>
                      <test-case name="UIAutomationTest.Commands.Convert.ConvertFromUIADataGridCommandTestFixture.TestPipelineInput" description="InputObject ProcessRecord test Null via pipeline" executed="True" result="Success" success="True" time="0.250" asserts="1">
                        <categories>
                          <category name="NoForms" />
                        </categories>
                      </test-case>
                    </results>
                  </test-suite>
                  <test-suite type="TestFixture" name="ConvertFromUIAListCommandTestFixture" description="ConvertFrom-UIAListCommand test" executed="True" result="Failure" success="False" time="0.891" asserts="0">
                    <results>
                      <test-case name="UIAutomationTest.Commands.Convert.ConvertFromUIAListCommandTestFixture.TestParameterInputNull" description="ProcessRecord test Null via parameter" executed="True" result="Success" success="True" time="0.297" asserts="1">
                        <categories>
                          <category name="NoForms" />
                        </categories>
                      </test-case>
                      <test-case name="UIAutomationTest.Commands.Convert.ConvertFromUIAListCommandTestFixture.TestParameterInputOtherType" description="ProcessRecord test Is Not AutomationElement" executed="True" result="Success" success="True" time="0.281" asserts="1">
                        <categories>
                          <category name="NoForms" />
                        </categories>
                      </test-case>
                      <test-case name="UIAutomationTest.Commands.Convert.ConvertFromUIAListCommandTestFixture.TestPipelineInput" description="InputObject ProcessRecord test Null via pipeline" executed="True" result="Error" success="False" time="0.313" asserts="0">
                        <categories>
                          <category name="NoForms" />
                        </categories>
                        <failure>
                          <message><![CDATA[System.NullReferenceException : Object reference not set to an instance of an object.]]></message>
                          <stack-trace><![CDATA[at UIAutomationTest.Commands.Convert.ConvertFromUIAListCommandTestFixture.TestPipelineInput()
]]></stack-trace>
                        </failure>
                      </test-case>
                    </results>
                  </test-suite>
                  <test-suite type="TestFixture" name="ConvertFromUIATableCommandTestFixture" description="ConvertFrom-UIATableCommand test" executed="True" result="Success" success="True" time="0.734" asserts="0">
                    <results>
                      <test-case name="UIAutomationTest.Commands.Convert.ConvertFromUIATableCommandTestFixture.TestParameterInputNull" description="ProcessRecord test Null via parameter" executed="True" result="Success" success="True" time="0.234" asserts="1">
                        <categories>
                          <category name="NoForms" />
                        </categories>
                      </test-case>
                      <test-case name="UIAutomationTest.Commands.Convert.ConvertFromUIATableCommandTestFixture.TestParameterInputOtherType" description="ProcessRecord test Is Not AutomationElement" executed="True" result="Success" success="True" time="0.266" asserts="1">
                        <categories>
                          <category name="NoForms" />
                        </categories>
                      </test-case>
                      <test-case name="UIAutomationTest.Commands.Convert.ConvertFromUIATableCommandTestFixture.TestPipelineInput" description="InputObject ProcessRecord test Null via pipeline" executed="True" result="Success" success="True" time="0.234" asserts="1">
                        <categories>
                          <category name="NoForms" />
                        </categories>
                      </test-case>
                    </results>
                  </test-suite>
                </results>
              </test-suite>
              <test-suite type="Namespace" name="Discovery" executed="True" result="Inconclusive" success="False" time="0.016" asserts="0">
                <results>
                  <test-suite type="TestFixture" name="GetUIAControlFromPointCommandTestFixture" description="Get-UIAControlFromPointCommand test" executed="True" result="Inconclusive" success="False" time="0.000" asserts="0" />
                  <test-suite type="TestFixture" name="GetUIACurrentPatternCommandTestFixture" description="Get-UIACurrentPatternCommand test" executed="True" result="Inconclusive" success="False" time="0.000" asserts="0" />
                  <test-suite type="TestFixture" name="GetUIACurrentPatternFromPointCommandTestFixture" description="Get-UIACurrentPatternFromPointCommand test" executed="True" result="Inconclusive" success="False" time="0.000" asserts="0" />
                </results>
              </test-suite>
              <test-suite type="Namespace" name="Pattern" executed="True" result="Inconclusive" success="False" time="0.047" asserts="0">
                <results>
                  <test-suite type="TestFixture" name="GetUIAGridCellCommandTestFixture" description="Get-UIAGridCellCommand test" executed="True" result="Inconclusive" success="False" time="0.000" asserts="0" />
                  <test-suite type="TestFixture" name="GetUIAGridRowCommandTestFixture" description="Get-UIAGridRowCommand test" executed="True" result="Inconclusive" success="False" time="0.000" asserts="0" />
                  <test-suite type="TestFixture" name="InvokeUIACollapsePatternCommandTestFixture" description="Invoke-UIACollapsePatternCommand test" executed="True" result="Inconclusive" success="False" time="0.000" asserts="0" />
                  <test-suite type="TestFixture" name="InvokeUIAExpandPatternCommandTestFixture" description="Invoke-UIAExpandPatternCommand test" executed="True" result="Inconclusive" success="False" time="0.000" asserts="0" />
                  <test-suite type="TestFixture" name="InvokeUIAInvokePatternCommandTestFixture" description="Invoke-UIAInvokePatternCommand test" executed="True" result="Inconclusive" success="False" time="0.000" asserts="0" />
                  <test-suite type="TestFixture" name="InvokeUIASelectionItemPatternCommandTestFixture" description="Invoke-UIASelectionItemPatternCommand test" executed="True" result="Inconclusive" success="False" time="0.000" asserts="0" />
                  <test-suite type="TestFixture" name="InvokeUIATogglePatternCommandTestFixture" description="Invoke-UIATogglePatternCommand test" executed="True" result="Inconclusive" success="False" time="0.000" asserts="0" />
                  <test-suite type="TestFixture" name="InvokeUIATransformPatternMoveCommandTestFixture" description="Invoke-UIATransformPatternMoveCommand test" executed="True" result="Inconclusive" success="False" time="0.000" asserts="0" />
                  <test-suite type="TestFixture" name="InvokeUIATransformPatternResizeCommandTestFixture" description="Invoke-UIATransformPatternResizeCommand test" executed="True" result="Inconclusive" success="False" time="0.000" asserts="0" />
                  <test-suite type="TestFixture" name="InvokeUIATransformPatternRotateCommandTestFixture" description="Invoke-UIATransformPatternRotateCommand test" executed="True" result="Inconclusive" success="False" time="0.000" asserts="0" />
                  <test-suite type="TestFixture" name="InvokeUIAValuePatternInvokeCommandTestFixture" description="Invoke-UIAValuePatternInvokeCommand test" executed="True" result="Inconclusive" success="False" time="0.000" asserts="0" />
                  <test-suite type="TestFixture" name="InvokeUIAValuePatternSetCommandTestFixture" description="Invoke-UIAValuePatternSetCommand test" executed="True" result="Inconclusive" success="False" time="0.000" asserts="0" />
                  <test-suite type="TestFixture" name="InvokeUIAWindowPatternCommandTestFixture" description="Invoke-UIAWindowPatternCommand test" executed="True" result="Inconclusive" success="False" time="0.000" asserts="0" />
                </results>
              </test-suite>
              <test-suite type="Namespace" name="Select" executed="False" result="Cancelled">
                <results>
                  <test-suite type="TestFixture" name="GetUIAControlCommandTestFixture" description="Get-UIAControlCommand test" executed="False" result="Cancelled">
                    <results>
                      <test-case name="UIAutomationTest.Commands.Select.GetUIAControlCommandTestFixture.SelectControlByAutomationIDTimeoutDefault" executed="True" result="Error" success="False" time="5.563" asserts="0">
                        <categories>
                          <category name="WinForms" />
                          <category name="Control" />
                        </categories>
                        <failure>
                          <message><![CDATA[System.NullReferenceException : Object reference not set to an instance of an object.]]></message>
                          <stack-trace><![CDATA[at UIAutomationTest.TestRunspace.RunAndEvaluateAreEqual(String codeSnippet, String strValue)
at UIAutomationTest.Commands.Select.GetUIAControlCommandTestFixture.SelectControlByAutomationIDTimeoutDefault()
]]></stack-trace>
                        </failure>
                      </test-case>
                      <test-case name="UIAutomationTest.Commands.Select.GetUIAControlCommandTestFixture.SelectControlByControlTypeTimeoutDefault" executed="False" result="Cancelled">
                        <categories>
                          <category name="WinForms" />
                          <category name="Control" />
                        </categories>
                        <failure>
                          <message><![CDATA[Test cancelled by user]]></message>
                          <stack-trace><![CDATA[at System.RuntimeMethodHandle._InvokeMethodFast(Object target, Object[] arguments, SignatureStruct& sig, MethodAttributes methodAttributes, RuntimeTypeHandle typeOwner)
at System.RuntimeMethodHandle.InvokeMethodFast(Object target, Object[] arguments, Signature sig, MethodAttributes methodAttributes, RuntimeTypeHandle typeOwner)
at System.Reflection.RuntimeMethodInfo.Invoke(Object obj, BindingFlags invokeAttr, Binder binder, Object[] parameters, CultureInfo culture, Boolean skipVisibilityChecks)
at System.Reflection.RuntimeMethodInfo.Invoke(Object obj, BindingFlags invokeAttr, Binder binder, Object[] parameters, CultureInfo culture)
at NUnit.Core.Reflect.InvokeMethod(MethodInfo method, Object fixture, Object[] args)
at NUnit.Core.TestMethod.RunTestMethod(TestResult testResult)
at NUnit.Core.TestMethod.RunTestCase(TestResult testResult)
]]></stack-trace>
                        </failure>
                      </test-case>
                    </results>
                  </test-suite>
                </results>
              </test-suite>
            </results>
          </test-suite>
        </results>
      </test-suite>
    </results>
  </test-suite>
</test-results>